This is pdfTeX, Version 3.141592653-2.6-1.40.24 (TeX Live 2022/Arch Linux) (preloaded format=pdflatex 2023.1.21)  22 JAN 2023 14:10
entering extended mode
 restricted \write18 enabled.
 file:line:error style messages enabled.
 %&-line parsing enabled.
**Sprawko.tex
(./Sprawko.tex
LaTeX2e <2021-11-15> patch level 1
L3 programming layer <2022-04-10>
(/usr/share/texmf-dist/tex/latex/base/article.cls
Document Class: article 2021/10/04 v1.4n Standard LaTeX document class
(/usr/share/texmf-dist/tex/latex/base/size10.clo
File: size10.clo 2021/10/04 v1.4n Standard LaTeX file (size option)
)
\c@part=\count185
\c@section=\count186
\c@subsection=\count187
\c@subsubsection=\count188
\c@paragraph=\count189
\c@subparagraph=\count190
\c@figure=\count191
\c@table=\count192
\abovecaptionskip=\skip47
\belowcaptionskip=\skip48
\bibindent=\dimen138
)
(/usr/share/texmf-dist/tex/latex/polski/polski.sty
Package: polski 2021/08/25 v1.3.6 Polish language package

   Switching to Polish text encoding and Polish maths fonts.
(/usr/share/texmf-dist/tex/latex/base/ot4enc.def
File: ot4enc.def 2021/04/29 v2.0v Standard LaTeX file
Now handling font encoding OT4 ...
... no UTF-8 mapping file for font encoding OT4
)
LaTeX Font Info:    Trying to load font information for OT4+cmr on input line 3
62.

(/usr/share/texmf-dist/tex/latex/polski/ot4cmr.fd
File: ot4cmr.fd 2008/02/24 v1.2.1 Font defs for fonts PL (MW)
)
LaTeX Font Info:    Overwriting math alphabet `\mathbf' in version `normal'
(Font)                  OT1/cmr/bx/n --> OT4/cmr/bx/n on input line 362.
LaTeX Font Info:    Overwriting math alphabet `\mathsf' in version `normal'
(Font)                  OT1/cmss/m/n --> OT4/cmss/m/n on input line 362.
LaTeX Font Info:    Overwriting math alphabet `\mathit' in version `normal'
(Font)                  OT1/cmr/m/it --> OT4/cmr/m/it on input line 362.
LaTeX Font Info:    Overwriting math alphabet `\mathtt' in version `normal'
(Font)                  OT1/cmtt/m/n --> OT4/cmtt/m/n on input line 362.
LaTeX Font Info:    Overwriting math alphabet `\mathsf' in version `bold'
(Font)                  OT1/cmss/bx/n --> OT4/cmss/bx/n on input line 362.
LaTeX Font Info:    Overwriting math alphabet `\mathit' in version `bold'
(Font)                  OT1/cmr/bx/it --> OT4/cmr/bx/it on input line 362.
LaTeX Font Info:    Encoding `OT1' has changed to `OT4' for symbol font
(Font)              `operators' in the math version `normal' on input line 362.

LaTeX Font Info:    Overwriting symbol font `operators' in version `normal'
(Font)                  OT1/cmr/m/n --> OT4/cmr/m/n on input line 362.
LaTeX Font Info:    Overwriting symbol font `letters' in version `normal'
(Font)                  OML/cmm/m/it --> OML/plm/m/it on input line 362.
LaTeX Font Info:    Overwriting symbol font `symbols' in version `normal'
(Font)                  OMS/cmsy/m/n --> OMS/plsy/m/n on input line 362.
LaTeX Font Info:    Overwriting symbol font `largesymbols' in version `normal'
(Font)                  OMX/cmex/m/n --> OMX/plex/m/n on input line 362.
LaTeX Font Info:    Encoding `OT1' has changed to `OT4' for symbol font
(Font)              `operators' in the math version `bold' on input line 362.
LaTeX Font Info:    Overwriting symbol font `operators' in version `bold'
(Font)                  OT1/cmr/bx/n --> OT4/cmr/bx/n on input line 362.
LaTeX Font Info:    Overwriting symbol font `letters' in version `bold'
(Font)                  OML/cmm/b/it --> OML/plm/b/it on input line 362.
LaTeX Font Info:    Overwriting symbol font `symbols' in version `bold'
(Font)                  OMS/cmsy/b/n --> OMS/plsy/b/n on input line 362.
)
(/usr/share/texmf-dist/tex/latex/base/inputenc.sty
Package: inputenc 2021/02/14 v1.3d Input encoding file
\inpenc@prehook=\toks16
\inpenc@posthook=\toks17
)
(/usr/share/texmf-dist/tex/latex/graphics/graphics.sty
Package: graphics 2021/03/04 v1.4d Standard LaTeX Graphics (DPC,SPQR)

(/usr/share/texmf-dist/tex/latex/graphics/trig.sty
Package: trig 2021/08/11 v1.11 sin cos tan (DPC)
)
(/usr/share/texmf-dist/tex/latex/graphics-cfg/graphics.cfg
File: graphics.cfg 2016/06/04 v1.11 sample graphics configuration
)
Package graphics Info: Driver file: pdftex.def on input line 107.

(/usr/share/texmf-dist/tex/latex/graphics-def/pdftex.def
File: pdftex.def 2020/10/05 v1.2a Graphics/color driver for pdftex
))
(/usr/share/texmf-dist/tex/latex/graphics/graphicx.sty
Package: graphicx 2021/09/16 v1.2d Enhanced LaTeX Graphics (DPC,SPQR)

(/usr/share/texmf-dist/tex/latex/graphics/keyval.sty
Package: keyval 2014/10/28 v1.15 key=value parser (DPC)
\KV@toks@=\toks18
)
\Gin@req@height=\dimen139
\Gin@req@width=\dimen140
)
(/usr/share/texmf-dist/tex/latex/wasysym/wasysym.sty
Package: wasysym 2020/01/19 v2.4 Wasy-2 symbol support package
\symwasy=\mathgroup4
LaTeX Font Info:    Overwriting symbol font `wasy' in version `bold'
(Font)                  U/wasy/m/n --> U/wasy/b/n on input line 93.
)
(/usr/share/texmf-dist/tex/latex/mathtools/mathtools.sty
Package: mathtools 2022/02/07 v1.28a mathematical typesetting tools

(/usr/share/texmf-dist/tex/latex/tools/calc.sty
Package: calc 2017/05/25 v4.3 Infix arithmetic (KKT,FJ)
\calc@Acount=\count193
\calc@Bcount=\count194
\calc@Adimen=\dimen141
\calc@Bdimen=\dimen142
\calc@Askip=\skip49
\calc@Bskip=\skip50
LaTeX Info: Redefining \setlength on input line 80.
LaTeX Info: Redefining \addtolength on input line 81.
\calc@Ccount=\count195
\calc@Cskip=\skip51
)
(/usr/share/texmf-dist/tex/latex/mathtools/mhsetup.sty
Package: mhsetup 2021/03/18 v1.4 programming setup (MH)
)
(/usr/share/texmf-dist/tex/latex/amsmath/amsmath.sty
Package: amsmath 2021/10/15 v2.17l AMS math features
\@mathmargin=\skip52

For additional information on amsmath, use the `?' option.
(/usr/share/texmf-dist/tex/latex/amsmath/amstext.sty
Package: amstext 2021/08/26 v2.01 AMS text

(/usr/share/texmf-dist/tex/latex/amsmath/amsgen.sty
File: amsgen.sty 1999/11/30 v2.0 generic functions
\@emptytoks=\toks19
\ex@=\dimen143
))
(/usr/share/texmf-dist/tex/latex/amsmath/amsbsy.sty
Package: amsbsy 1999/11/29 v1.2d Bold Symbols
\pmbraise@=\dimen144
)
(/usr/share/texmf-dist/tex/latex/amsmath/amsopn.sty
Package: amsopn 2021/08/26 v2.02 operator names
)
\inf@bad=\count196
LaTeX Info: Redefining \frac on input line 234.
\uproot@=\count197
\leftroot@=\count198
LaTeX Info: Redefining \overline on input line 399.
\classnum@=\count199
\DOTSCASE@=\count266
LaTeX Info: Redefining \ldots on input line 496.
LaTeX Info: Redefining \dots on input line 499.
LaTeX Info: Redefining \cdots on input line 620.


/usr/share/texmf-dist/tex/latex/amsmath/amsmath.sty:659: LaTeX Error: Command \
iint already defined.
               Or name \end... illegal, see p.192 of the manual.

See the LaTeX manual or LaTeX Companion for explanation.
Type  H <return>  for immediate help.
 ...                                              
                                                  
l.659 ...d{\iint}{\DOTSI\protect\MultiIntegral{2}}
                                                  
Your command was ignored.
Type  I <command> <return>  to replace it with another command,
or  <return>  to continue without it.


/usr/share/texmf-dist/tex/latex/amsmath/amsmath.sty:660: LaTeX Error: Command \
iiint already defined.
               Or name \end... illegal, see p.192 of the manual.

See the LaTeX manual or LaTeX Companion for explanation.
Type  H <return>  for immediate help.
 ...                                              
                                                  
l.660 ...{\iiint}{\DOTSI\protect\MultiIntegral{3}}
                                                  
Your command was ignored.
Type  I <command> <return>  to replace it with another command,
or  <return>  to continue without it.

\Mathstrutbox@=\box50
\strutbox@=\box51
\big@size=\dimen145
LaTeX Font Info:    Redeclaring font encoding OML on input line 743.
LaTeX Font Info:    Redeclaring font encoding OMS on input line 744.
\macc@depth=\count267
\c@MaxMatrixCols=\count268
\dotsspace@=\muskip16
\c@parentequation=\count269
\dspbrk@lvl=\count270
\tag@help=\toks20
\row@=\count271
\column@=\count272
\maxfields@=\count273
\andhelp@=\toks21
\eqnshift@=\dimen146
\alignsep@=\dimen147
\tagshift@=\dimen148
\tagwidth@=\dimen149
\totwidth@=\dimen150
\lineht@=\dimen151
\@envbody=\toks22
\multlinegap=\skip53
\multlinetaggap=\skip54
\mathdisplay@stack=\toks23
LaTeX Info: Redefining \[ on input line 2938.
LaTeX Info: Redefining \] on input line 2939.
)
\g_MT_multlinerow_int=\count274
\l_MT_multwidth_dim=\dimen152
\origjot=\skip55
\l_MT_shortvdotswithinadjustabove_dim=\dimen153
\l_MT_shortvdotswithinadjustbelow_dim=\dimen154
\l_MT_above_intertext_sep=\dimen155
\l_MT_below_intertext_sep=\dimen156
\l_MT_above_shortintertext_sep=\dimen157
\l_MT_below_shortintertext_sep=\dimen158
\xmathstrut@box=\box52
\xmathstrut@dim=\dimen159
) (/usr/share/texmf-dist/tex/latex/breqn/breqn.sty
(/usr/share/texmf-dist/tex/latex/l3kernel/expl3.sty
Package: expl3 2022-04-10 L3 programming layer (loader) 

(/usr/share/texmf-dist/tex/latex/l3backend/l3backend-pdftex.def
File: l3backend-pdftex.def 2022-04-14 L3 backend support: PDF output (pdfTeX)
\l__color_backend_stack_int=\count275
\l__pdf_internal_box=\box53
))
Package: breqn 2021/10/28 v0.98l Breaking equations

(/usr/share/texmf-dist/tex/latex/breqn/flexisym.sty
Package: flexisym 2021/10/28 v0.98l Make math characters macros
LaTeX Info: Redefining \textprime on input line 299.
LaTeX Info: Redefining \not on input line 357.

(/usr/share/texmf-dist/tex/latex/breqn/cmbase.sym
File: cmbase.sym 2007/12/19 v0.92
LaTeX Info: Redefining \hbar on input line 324.
LaTeX Info: Redefining \surd on input line 326.
LaTeX Info: Redefining \angle on input line 334.
LaTeX Info: Redefining \neq on input line 335.
LaTeX Info: Redefining \mapsto on input line 336.
LaTeX Info: Redefining \cong on input line 337.
LaTeX Info: Redefining \notin on input line 340.
LaTeX Info: Redefining \rightleftharpoons on input line 341.
LaTeX Info: Redefining \doteq on input line 342.
LaTeX Info: Redefining \hookrightarrow on input line 343.
LaTeX Info: Redefining \hookleftarrow on input line 344.
LaTeX Info: Redefining \bowtie on input line 345.
LaTeX Info: Redefining \models on input line 346.
LaTeX Info: Redefining \Longrightarrow on input line 347.
LaTeX Info: Redefining \longrightarrow on input line 348.
LaTeX Info: Redefining \Longleftarrow on input line 349.
LaTeX Info: Redefining \longleftarrow on input line 350.
LaTeX Info: Redefining \longmapsto on input line 351.
LaTeX Info: Redefining \longleftrightarrow on input line 352.
LaTeX Info: Redefining \Longleftrightarrow on input line 353.
LaTeX Info: Redefining \cdots on input line 357.
LaTeX Info: Redefining \vdots on input line 360.
LaTeX Info: Redefining \ddots on input line 365.
)
(/usr/share/texmf-dist/tex/latex/breqn/mathstyle.sty
Package: mathstyle 2021/10/28 v0.98l Tracking mathstyle implicitly
LaTeX Info: Redefining \displaystyle on input line 95.
LaTeX Info: Redefining \textstyle on input line 97.
LaTeX Info: Redefining \scriptstyle on input line 99.
LaTeX Info: Redefining \scriptscriptstyle on input line 101.
LaTeX Info: Redefining \genfrac on input line 149.
))
\inf@bad=\count276
\maxint=\count277
\listwidth=\dimen160
\eqnumsep=\dimen161
\eqmargin=\dimen162
\eqlinespacing=\skip56
\eqlineskip=\skip57
\eqlineskiplimit=\dimen163
\eqbinoffset=\muskip17
\eqdelimoffset=\muskip18
\eqindentstep=\dimen164
\eqstyle=\toks24
\eqbreakdepth=\count278
\eqinterlinepenalty=\count279
\intereqpenalty=\count280
\intereqskip=\skip58
\prerelpenalty=\count281
\prebinoppenalty=\count282
\Dmedmuskip=\muskip19
\Dthickmuskip=\muskip20
\eqleftskip=\skip59
\eqrightskip=\skip60
\eq@vspan=\skip61
\eq@binoffset=\muskip21
\EQ@box=\box54
\EQ@copy=\box55
\EQ@numbox=\box56
\eq@wdNum=\dimen165
\GRP@numbox=\box57
\grp@wdNum=\dimen166
\eq@lines=\count283
\eq@curline=\count284
\eq@badness=\count285
\EQ@vims=\count286
\eq@dp=\dimen167
\eq@wdL=\dimen168
\eq@wdT=\dimen169
\eq@wdMin=\dimen170
\grp@wdL=\dimen171
\grp@wdR=\dimen172
\grp@wdT=\dimen173
\eq@wdRmax=\dimen174
\eq@firstht=\dimen175
\eq@wdCond=\dimen176
\eq@indentstep=\dimen177
\eq@linewidth=\dimen178
\grp@linewidth=\dimen179
\eq@hshift=\dimen180
\eq@given@sidespace=\dimen181
\mathindent=\dimen182
\eq@final@linecount=\count287
\eq@wdR=\dimen183
\EQ@continue=\toks25
\lr@level=\count288
\GRP@queue=\toks26
\GRP@box=\box58
\GRP@wholebox=\box59
\darraycolsep=\skip62
\cur@row=\count289
\cur@col=\count290
\conditionsep=\skip63
)
(/home/krzys/PycharmProjects/Goodwin-Griffith-genetic-oscillator-model/out/Spra
wko.aux)
\openout1 = `Sprawko.aux'.

LaTeX Font Info:    Checking defaults for OML/cmm/m/it on input line 15.
LaTeX Font Info:    ... okay on input line 15.
LaTeX Font Info:    Checking defaults for OMS/cmsy/m/n on input line 15.
LaTeX Font Info:    ... okay on input line 15.
LaTeX Font Info:    Checking defaults for OT1/cmr/m/n on input line 15.
LaTeX Font Info:    ... okay on input line 15.
LaTeX Font Info:    Checking defaults for T1/cmr/m/n on input line 15.
LaTeX Font Info:    ... okay on input line 15.
LaTeX Font Info:    Checking defaults for TS1/cmr/m/n on input line 15.
LaTeX Font Info:    ... okay on input line 15.
LaTeX Font Info:    Checking defaults for OMX/cmex/m/n on input line 15.
LaTeX Font Info:    ... okay on input line 15.
LaTeX Font Info:    Checking defaults for U/cmr/m/n on input line 15.
LaTeX Font Info:    ... okay on input line 15.
LaTeX Font Info:    Checking defaults for OT4/cmr/m/n on input line 15.
LaTeX Font Info:    ... okay on input line 15.
 (/usr/share/texmf-dist/tex/context/base/mkii/supp-pdf.mkii
[Loading MPS to PDF converter (version 2006.09.02).]
\scratchcounter=\count291
\scratchdimen=\dimen184
\scratchbox=\box60
\nofMPsegments=\count292
\nofMParguments=\count293
\everyMPshowfont=\toks27
\MPscratchCnt=\count294
\MPscratchDim=\dimen185
\MPnumerator=\count295
\makeMPintoPDFobject=\count296
\everyMPtoPDFconversion=\toks28
) (/usr/share/texmf-dist/tex/latex/epstopdf-pkg/epstopdf-base.sty
Package: epstopdf-base 2020-01-24 v2.11 Base part for package epstopdf
Package epstopdf-base Info: Redefining graphics rule for `.eps' on input line 4
85.

(/usr/share/texmf-dist/tex/latex/latexconfig/epstopdf-sys.cfg
File: epstopdf-sys.cfg 2010/07/13 v1.3 Configuration of (r)epstopdf for TeX Liv
e
))
LaTeX Font Info:    Trying to load font information for OML+plm on input line 1
7.

(/usr/share/texmf-dist/tex/latex/polski/omlplm.fd
File: omlplm.fd 2008/02/24 v1.2.1 Font defs for fonts PL (MW)
)
LaTeX Font Info:    Trying to load font information for OMS+plsy on input line 
17.

(/usr/share/texmf-dist/tex/latex/polski/omsplsy.fd
File: omsplsy.fd 2008/02/24 v1.2.1 Font defs for fonts PL (MW)
)
LaTeX Font Info:    Trying to load font information for OMX+plex on input line 
17.

(/usr/share/texmf-dist/tex/latex/polski/omxplex.fd
File: omxplex.fd 2008/02/24 v1.2.1 Font defs for fonts PL (MW)
)
LaTeX Font Info:    External font `plex10' loaded for size
(Font)              <12> on input line 17.
LaTeX Font Info:    External font `plex10' loaded for size
(Font)              <8> on input line 17.
LaTeX Font Info:    External font `plex10' loaded for size
(Font)              <6> on input line 17.
LaTeX Font Info:    Trying to load font information for U+wasy on input line 17
.

(/usr/share/texmf-dist/tex/latex/wasysym/uwasy.fd
File: uwasy.fd 2020/01/19 v2.4 Wasy-2 symbol font definitions
)
LaTeX Font Info:    External font `plex10' loaded for size
(Font)              <10> on input line 21.
LaTeX Font Info:    External font `plex10' loaded for size
(Font)              <7> on input line 21.
LaTeX Font Info:    External font `plex10' loaded for size
(Font)              <5> on input line 21.
 [1

{/var/lib/texmf/fonts/map/pdftex/updmap/pdftex.map}]
<pktyZerowea=0_b=0_X.png, id=12, 462.528pt x 346.896pt>
File: pktyZerowea=0_b=0_X.png Graphic file (type png)
<use pktyZerowea=0_b=0_X.png>
Package pdftex.def Info: pktyZerowea=0_b=0_X.png  used on input line 39.
(pdftex.def)             Requested size: 138.00052pt x 103.49792pt.

./Sprawko.tex:40: Undefined control sequence.
l.40             \captionof
                           {}{Wykresy zachowania X}%
The control sequence at the end of the top line
of your error message was never \def'ed. If you have
misspelled it (e.g., `\hobx'), type `I' and the correct
spelling (e.g., `I\hbox'). Otherwise just continue,
and I'll forget about whatever was undefined.

<pktyZerowea=0_b=0_Y.png, id=14, 462.528pt x 346.896pt>
File: pktyZerowea=0_b=0_Y.png Graphic file (type png)
<use pktyZerowea=0_b=0_Y.png>
Package pdftex.def Info: pktyZerowea=0_b=0_Y.png  used on input line 45.
(pdftex.def)             Requested size: 138.00052pt x 103.49792pt.
./Sprawko.tex:46: Undefined control sequence.
l.46             \captionof
                           {}{Wykresy zachowania Y}
The control sequence at the end of the top line
of your error message was never \def'ed. If you have
misspelled it (e.g., `\hobx'), type `I' and the correct
spelling (e.g., `I\hbox'). Otherwise just continue,
and I'll forget about whatever was undefined.

<pktyZerowea=0_b=0_XY.png, id=15, 462.528pt x 346.896pt>
File: pktyZerowea=0_b=0_XY.png Graphic file (type png)
<use pktyZerowea=0_b=0_XY.png>
Package pdftex.def Info: pktyZerowea=0_b=0_XY.png  used on input line 52.
(pdftex.def)             Requested size: 138.00052pt x 103.49792pt.
./Sprawko.tex:53: Undefined control sequence.
l.53             \captionof
                           {}{Wykres Fazowy}%
The control sequence at the end of the top line
of your error message was never \def'ed. If you have
misspelled it (e.g., `\hobx'), type `I' and the correct
spelling (e.g., `I\hbox'). Otherwise just continue,
and I'll forget about whatever was undefined.

[2 <./pktyZerowea=0_b=0_X.png> <./pktyZerowea=0_b=0_Y.png> <./pktyZerowea=0_b=0
_XY.png>]
./Sprawko.tex:67: Undefined control sequence.
<argument> 2\alfa 
                  \beta 
l.67 ...rt{1-4\alpha^2 \beta^2} - 1 }{2\alfa\beta}
                                                  $ \hspace{0.5cm}
The control sequence at the end of the top line
of your error message was never \def'ed. If you have
misspelled it (e.g., `\hobx'), type `I' and the correct
spelling (e.g., `I\hbox'). Otherwise just continue,
and I'll forget about whatever was undefined.

<ujemneNN.png, id=23, 462.528pt x 346.896pt>
File: ujemneNN.png Graphic file (type png)
<use ujemneNN.png>
Package pdftex.def Info: ujemneNN.png  used on input line 75.
(pdftex.def)             Requested size: 172.5pt x 129.37639pt.
./Sprawko.tex:76: Undefined control sequence.
l.76             \captionf
                          {}{a i b in 0.5 do 10}
The control sequence at the end of the top line
of your error message was never \def'ed. If you have
misspelled it (e.g., `\hobx'), type `I' and the correct
spelling (e.g., `I\hbox'). Otherwise just continue,
and I'll forget about whatever was undefined.

<ujemneNNN.png, id=24, 462.528pt x 346.896pt>
File: ujemneNNN.png Graphic file (type png)
<use ujemneNNN.png>
Package pdftex.def Info: ujemneNNN.png  used on input line 80.
(pdftex.def)             Requested size: 172.5pt x 129.37639pt.
./Sprawko.tex:81: Undefined control sequence.
l.81             \captionf
                          {}{a i b in od 0.01 do 0.5}
The control sequence at the end of the top line
of your error message was never \def'ed. If you have
misspelled it (e.g., `\hobx'), type `I' and the correct
spelling (e.g., `I\hbox'). Otherwise just continue,
and I'll forget about whatever was undefined.

./Sprawko.tex:88: Undefined control sequence.
<argument> 2\alfa 
                  \beta 
l.88 ...rt{1-4\alpha^2 \beta^2} + 1 }{2\alfa\beta}
                                                  $\hspace{0.5cm}
The control sequence at the end of the top line
of your error message was never \def'ed. If you have
misspelled it (e.g., `\hobx'), type `I' and the correct
spelling (e.g., `I\hbox'). Otherwise just continue,
and I'll forget about whatever was undefined.

<dodatnieNN.png, id=25, 462.528pt x 346.896pt>
File: dodatnieNN.png Graphic file (type png)
<use dodatnieNN.png>
Package pdftex.def Info: dodatnieNN.png  used on input line 96.
(pdftex.def)             Requested size: 172.5pt x 129.37639pt.
./Sprawko.tex:97: Undefined control sequence.
l.97             \captionf
                          {}{a i b in 0.5 do 10}
The control sequence at the end of the top line
of your error message was never \def'ed. If you have
misspelled it (e.g., `\hobx'), type `I' and the correct
spelling (e.g., `I\hbox'). Otherwise just continue,
and I'll forget about whatever was undefined.

<dodatnieNNN.png, id=26, 462.528pt x 346.896pt>
File: dodatnieNNN.png Graphic file (type png)
<use dodatnieNNN.png>
Package pdftex.def Info: dodatnieNNN.png  used on input line 101.
(pdftex.def)             Requested size: 172.5pt x 129.37639pt.
./Sprawko.tex:102: Undefined control sequence.
l.102             \captionf
                           {}{a i b in 0.01 do 0.5}
The control sequence at the end of the top line
of your error message was never \def'ed. If you have
misspelled it (e.g., `\hobx'), type `I' and the correct
spelling (e.g., `I\hbox'). Otherwise just continue,
and I'll forget about whatever was undefined.

[3 <./ujemneNN.png> <./ujemneNNN.png> <./dodatnieNN.png> <./dodatnieNNN.png>]
./Sprawko.tex:141: Missing $ inserted.
<inserted text> 
                $
l.141 
      
I've inserted a begin-math/end-math symbol since I think
you left one out. Proceed, with fingers crossed.

./Sprawko.tex:141: Display math should end with $$.
<to be read again> 
                   \tex_par:D 
l.141 
      
The `$' that I just saw supposedly matches a previous `$$'.
So I shall assume that you typed `$$' both times.

./Sprawko.tex:142: Missing $ inserted.
<inserted text> 
                $
l.142     (16 \alpha
                    ^3 \beta^2
I've inserted a begin-math/end-math symbol since I think
you left one out. Proceed, with fingers crossed.

./Sprawko.tex:146: Missing $ inserted.
<inserted text> 
                $
l.146 
      
I've inserted a begin-math/end-math symbol since I think
you left one out. Proceed, with fingers crossed.

./Sprawko.tex:148: Missing $ inserted.
<inserted text> 
                $
l.148     -\sqrt{
                 
I've inserted a begin-math/end-math symbol since I think
you left one out. Proceed, with fingers crossed.

./Sprawko.tex:154: Missing $ inserted.
<inserted text> 
                $
l.154 
      
I've inserted a begin-math/end-math symbol since I think
you left one out. Proceed, with fingers crossed.

./Sprawko.tex:154: Missing } inserted.
<inserted text> 
                }
l.154 
      
I've inserted something that you may have forgotten.
(See the <inserted text> above.)
With luck, this will get me unwedged. But if you
really didn't forget anything, try typing `2' now; then
my insertion and my current dilemma will both disappear.

./Sprawko.tex:159: Missing $ inserted.
<inserted text> 
                $
l.159 ...^5 \beta^5 \sqrt{1 - 4 \alpha^2 \beta^2}}
                                                  
I've inserted a begin-math/end-math symbol since I think
you left one out. Proceed, with fingers crossed.

./Sprawko.tex:160: Missing $ inserted.
<inserted text> 
                $
l.160 
      
I've inserted a begin-math/end-math symbol since I think
you left one out. Proceed, with fingers crossed.

./Sprawko.tex:165: Missing $ inserted.
<inserted text> 
                $
l.165             )}
                    
I've inserted a begin-math/end-math symbol since I think
you left one out. Proceed, with fingers crossed.

./Sprawko.tex:168: Extra }, or forgotten $.
l.168         }
               
I've deleted a group-closing symbol because it seems to be
spurious, as in `$x}$'. But perhaps the } is legitimate and
you forgot something else, as in `\hbox{$x}'. In such cases
the way to recover is to insert both the forgotten and the
deleted material, e.g., by typing `I$}'.

./Sprawko.tex:169: Missing $ inserted.
<inserted text> 
                $
l.169 
      
I've inserted a begin-math/end-math symbol since I think
you left one out. Proceed, with fingers crossed.

./Sprawko.tex:171: Missing $ inserted.
<inserted text> 
                $
l.171     /(2 (2 - 2 \sqrt{
                           1 - 4 \alpha^2 \beta^2})^2)
I've inserted a begin-math/end-math symbol since I think
you left one out. Proceed, with fingers crossed.

./Sprawko.tex:173: Missing $ inserted.
<inserted text> 
                $
l.173 
      
I've inserted a begin-math/end-math symbol since I think
you left one out. Proceed, with fingers crossed.

./Sprawko.tex:176: Missing $ inserted.
<inserted text> 
                $
l.176 
      
I've inserted a begin-math/end-math symbol since I think
you left one out. Proceed, with fingers crossed.

./Sprawko.tex:176: Display math should end with $$.
<to be read again> 
                   \tex_par:D 
l.176 
      
The `$' that I just saw supposedly matches a previous `$$'.
So I shall assume that you typed `$$' both times.

./Sprawko.tex:177: Missing $ inserted.
<inserted text> 
                $
l.177     (16 \alpha
                    ^3 \beta^2
I've inserted a begin-math/end-math symbol since I think
you left one out. Proceed, with fingers crossed.

./Sprawko.tex:181: Missing $ inserted.
<inserted text> 
                $
l.181 
      
I've inserted a begin-math/end-math symbol since I think
you left one out. Proceed, with fingers crossed.

./Sprawko.tex:183: Missing $ inserted.
<inserted text> 
                $
l.183     + \sqrt{
                  
I've inserted a begin-math/end-math symbol since I think
you left one out. Proceed, with fingers crossed.

./Sprawko.tex:189: Missing $ inserted.
<inserted text> 
                $
l.189 
      
I've inserted a begin-math/end-math symbol since I think
you left one out. Proceed, with fingers crossed.

./Sprawko.tex:189: Missing } inserted.
<inserted text> 
                }
l.189 
      
I've inserted something that you may have forgotten.
(See the <inserted text> above.)
With luck, this will get me unwedged. But if you
really didn't forget anything, try typing `2' now; then
my insertion and my current dilemma will both disappear.

./Sprawko.tex:199: Missing $ inserted.
<inserted text> 
                $
l.199     }
           }
I've inserted a begin-math/end-math symbol since I think
you left one out. Proceed, with fingers crossed.

./Sprawko.tex:199: Extra }, or forgotten $.
l.199     }}
            
I've deleted a group-closing symbol because it seems to be
spurious, as in `$x}$'. But perhaps the } is legitimate and
you forgot something else, as in `\hbox{$x}'. In such cases
the way to recover is to insert both the forgotten and the
deleted material, e.g., by typing `I$}'.

./Sprawko.tex:200: Missing $ inserted.
<inserted text> 
                $
l.200 
      
I've inserted a begin-math/end-math symbol since I think
you left one out. Proceed, with fingers crossed.


Overfull \hbox (119.70148pt too wide) in paragraph at lines 199--200
[]$[]$ 
 []

./Sprawko.tex:202: Missing $ inserted.
<inserted text> 
                $
l.202     - 8 \alpha
                    
I've inserted a begin-math/end-math symbol since I think
you left one out. Proceed, with fingers crossed.

./Sprawko.tex:204: Missing $ inserted.
<inserted text> 
                $
l.204 
      
I've inserted a begin-math/end-math symbol since I think
you left one out. Proceed, with fingers crossed.

./Sprawko.tex:206: Missing $ inserted.
<inserted text> 
                $
l.206     /(2 (2 - 2 \sqrt{
                           1 - 4 \alpha^2 \beta^2})^2)
I've inserted a begin-math/end-math symbol since I think
you left one out. Proceed, with fingers crossed.

./Sprawko.tex:208: Missing $ inserted.
<inserted text> 
                $
l.208 
      
I've inserted a begin-math/end-math symbol since I think
you left one out. Proceed, with fingers crossed.

./Sprawko.tex:214: Missing $ inserted.
<inserted text> 
                $
l.214 
      
I've inserted a begin-math/end-math symbol since I think
you left one out. Proceed, with fingers crossed.

./Sprawko.tex:214: Display math should end with $$.
<to be read again> 
                   \tex_par:D 
l.214 
      
The `$' that I just saw supposedly matches a previous `$$'.
So I shall assume that you typed `$$' both times.

[4]
./Sprawko.tex:215: Missing $ inserted.
<inserted text> 
                $
l.215     (16 \alpha
                    ^3 \beta^2
I've inserted a begin-math/end-math symbol since I think
you left one out. Proceed, with fingers crossed.

./Sprawko.tex:219: Missing $ inserted.
<inserted text> 
                $
l.219 
      
I've inserted a begin-math/end-math symbol since I think
you left one out. Proceed, with fingers crossed.

./Sprawko.tex:221: Missing $ inserted.
<inserted text> 
                $
l.221     - \sqrt{
                  
I've inserted a begin-math/end-math symbol since I think
you left one out. Proceed, with fingers crossed.

./Sprawko.tex:230: Missing $ inserted.
<inserted text> 
                $
l.230 
      
I've inserted a begin-math/end-math symbol since I think
you left one out. Proceed, with fingers crossed.

./Sprawko.tex:230: Missing } inserted.
<inserted text> 
                }
l.230 
      
I've inserted something that you may have forgotten.
(See the <inserted text> above.)
With luck, this will get me unwedged. But if you
really didn't forget anything, try typing `2' now; then
my insertion and my current dilemma will both disappear.

./Sprawko.tex:240: Missing $ inserted.
<inserted text> 
                $
l.240     }
           }
I've inserted a begin-math/end-math symbol since I think
you left one out. Proceed, with fingers crossed.

./Sprawko.tex:240: Extra }, or forgotten $.
l.240     }}
            
I've deleted a group-closing symbol because it seems to be
spurious, as in `$x}$'. But perhaps the } is legitimate and
you forgot something else, as in `\hbox{$x}'. In such cases
the way to recover is to insert both the forgotten and the
deleted material, e.g., by typing `I$}'.

./Sprawko.tex:241: Missing $ inserted.
<inserted text> 
                $
l.241 
      
I've inserted a begin-math/end-math symbol since I think
you left one out. Proceed, with fingers crossed.


Overfull \hbox (19.85426pt too wide) in paragraph at lines 240--241
[]$[]$ 
 []

./Sprawko.tex:243: Missing $ inserted.
<inserted text> 
                $
l.243         - 8 \alpha
                        
I've inserted a begin-math/end-math symbol since I think
you left one out. Proceed, with fingers crossed.

./Sprawko.tex:248: Missing $ inserted.
<inserted text> 
                $
l.248 
      
I've inserted a begin-math/end-math symbol since I think
you left one out. Proceed, with fingers crossed.

./Sprawko.tex:251: Missing $ inserted.
<inserted text> 
                $
l.251 
      
I've inserted a begin-math/end-math symbol since I think
you left one out. Proceed, with fingers crossed.

./Sprawko.tex:251: Display math should end with $$.
<to be read again> 
                   \tex_par:D 
l.251 
      
The `$' that I just saw supposedly matches a previous `$$'.
So I shall assume that you typed `$$' both times.

./Sprawko.tex:252: Missing $ inserted.
<inserted text> 
                $
l.252     (16 \alpha
                    ^3 \beta^2
I've inserted a begin-math/end-math symbol since I think
you left one out. Proceed, with fingers crossed.

./Sprawko.tex:256: Missing $ inserted.
<inserted text> 
                $
l.256 
      
I've inserted a begin-math/end-math symbol since I think
you left one out. Proceed, with fingers crossed.

./Sprawko.tex:258: Missing $ inserted.
<inserted text> 
                $
l.258     + \sqrt{
                  
I've inserted a begin-math/end-math symbol since I think
you left one out. Proceed, with fingers crossed.

./Sprawko.tex:267: Missing $ inserted.
<inserted text> 
                $
l.267 
      
I've inserted a begin-math/end-math symbol since I think
you left one out. Proceed, with fingers crossed.

./Sprawko.tex:267: Missing } inserted.
<inserted text> 
                }
l.267 
      
I've inserted something that you may have forgotten.
(See the <inserted text> above.)
With luck, this will get me unwedged. But if you
really didn't forget anything, try typing `2' now; then
my insertion and my current dilemma will both disappear.

./Sprawko.tex:276: Missing $ inserted.
<inserted text> 
                $
l.276     }
           }
I've inserted a begin-math/end-math symbol since I think
you left one out. Proceed, with fingers crossed.

./Sprawko.tex:276: Extra }, or forgotten $.
l.276     }}
            
I've deleted a group-closing symbol because it seems to be
spurious, as in `$x}$'. But perhaps the } is legitimate and
you forgot something else, as in `\hbox{$x}'. In such cases
the way to recover is to insert both the forgotten and the
deleted material, e.g., by typing `I$}'.

./Sprawko.tex:277: Missing $ inserted.
<inserted text> 
                $
l.277 
      
I've inserted a begin-math/end-math symbol since I think
you left one out. Proceed, with fingers crossed.


Overfull \hbox (19.85426pt too wide) in paragraph at lines 276--277
[]$[]$ 
 []

./Sprawko.tex:279: Missing $ inserted.
<inserted text> 
                $
l.279     - 8 \alpha
                    
I've inserted a begin-math/end-math symbol since I think
you left one out. Proceed, with fingers crossed.

./Sprawko.tex:284: Missing $ inserted.
<inserted text> 
                $
l.284 \end{document}
                    
I've inserted a begin-math/end-math symbol since I think
you left one out. Proceed, with fingers crossed.

[5]
(/home/krzys/PycharmProjects/Goodwin-Griffith-genetic-oscillator-model/out/Spra
wko.aux) ) 
Here is how much of TeX's memory you used:
 3981 strings out of 478238
 61827 string characters out of 5850456
 362593 words of memory out of 5000000
 22166 multiletter control sequences out of 15000+600000
 480217 words of font info for 58 fonts, out of 8000000 for 9000
 1141 hyphenation exceptions out of 8191
 68i,9n,85p,260b,315s stack positions out of 5000i,500n,10000p,200000b,80000s
{/usr/share/texmf-dist/fonts/enc/dvips/pl/plme.enc}{/usr/share/texmf-
dist/fonts/enc/dvips/pl/plsc.enc}{/usr/share/texmf-dist/fonts/enc/dvips/pl/plmi
.enc}{/usr/share/texmf-dist/fonts/enc/dvips/pl/plms.enc}{/usr/share/texmf-dist/
fonts/enc/dvips/pl/plrm.enc}</usr/share/texmf-dist/fonts/type1/public/pl/plbx10
.pfb></usr/share/texmf-dist/fonts/type1/public/pl/plbx12.pfb></usr/share/texmf-
dist/fonts/type1/public/pl/plex10.pfb></usr/share/texmf-dist/fonts/type1/public
/pl/plmi10.pfb></usr/share/texmf-dist/fonts/type1/public/pl/plmi7.pfb></usr/sha
re/texmf-dist/fonts/type1/public/pl/plr10.pfb></usr/share/texmf-dist/fonts/type
1/public/pl/plr12.pfb></usr/share/texmf-dist/fonts/type1/public/pl/plr17.pfb></
usr/share/texmf-dist/fonts/type1/public/pl/plr5.pfb></usr/share/texmf-dist/font
s/type1/public/pl/plr7.pfb></usr/share/texmf-dist/fonts/type1/public/pl/plsy10.
pfb></usr/share/texmf-dist/fonts/type1/public/pl/plsy7.pfb>
Output written on /home/krzys/PycharmProjects/Goodwin-Griffith-genetic-oscillat
or-model/out/Sprawko.pdf (5 pages, 276905 bytes).
PDF statistics:
 100 PDF objects out of 1000 (max. 8388607)
 54 compressed objects within 1 object stream
 0 named destinations out of 1000 (max. 500000)
 36 words of extra memory for PDF output out of 10000 (max. 10000000)

